# JRE version: OpenJDK Runtime Environment Temurin-17.0.2+8 (17.0.2+8) (build 17.0.2+8)
# Java VM: OpenJDK 64-Bit Server VM Temurin-17.0.2+8 (17.0.2+8, mixed mode, tiered, compressed oops, compressed class ptrs, g1 gc, windows-amd64)
GC Precious Log:
 CPUs: 8 total, 8 available
 Memory: 7997M
 Large Page Support: Disabled
 NUMA Support: Disabled
 Compressed Oops: Enabled (32-bit)
 Heap Region Size: 1M
 Heap Min Capacity: 8M
 Heap Initial Capacity: 126M
 Heap Max Capacity: 2000M
 Pre-touch: Disabled
 Parallel Workers: 8
 Concurrent Workers: 2
 Concurrent Refinement Workers: 8
 Periodic GC: Disabled
Heap:
 garbage-first heap   total 35840K, used 20087K [0x0000000083000000, 0x0000000100000000)
  region size 1024K, 4 young (4096K), 2 survivors (2048K)
 Metaspace       used 36079K, committed 36352K, reserved 1081344K
  class space    used 4160K, committed 4288K, reserved 1048576K
GC Heap History (12 events):
Event: 3.275 GC heap before
{Heap before GC invocations=0 (full 0):
 garbage-first heap   total 129024K, used 19456K [0x0000000083000000, 0x0000000100000000)
  region size 1024K, 17 young (17408K), 0 survivors (0K)
 Metaspace       used 21341K, committed 21504K, reserved 1073152K
  class space    used 2283K, committed 2368K, reserved 1048576K
}
Event: 3.280 GC heap after
{Heap after GC invocations=1 (full 0):
 garbage-first heap   total 129024K, used 8790K [0x0000000083000000, 0x0000000100000000)
  region size 1024K, 3 young (3072K), 3 survivors (3072K)
 Metaspace       used 21341K, committed 21504K, reserved 1073152K
  class space    used 2283K, committed 2368K, reserved 1048576K
}
Event: 3.652 GC heap before
{Heap before GC invocations=2 (full 0):
 garbage-first heap   total 34816K, used 23126K [0x0000000083000000, 0x0000000100000000)
  region size 1024K, 18 young (18432K), 3 survivors (3072K)
 Metaspace       used 26379K, committed 26560K, reserved 1073152K
  class space    used 2866K, committed 2944K, reserved 1048576K
}
Event: 3.656 GC heap after
{Heap after GC invocations=3 (full 0):
 garbage-first heap   total 34816K, used 11342K [0x0000000083000000, 0x0000000100000000)
  region size 1024K, 3 young (3072K), 3 survivors (3072K)
 Metaspace       used 26379K, committed 26560K, reserved 1073152K
  class space    used 2866K, committed 2944K, reserved 1048576K
}
Event: 3.694 GC heap before
{Heap before GC invocations=3 (full 0):
 garbage-first heap   total 34816K, used 12366K [0x0000000083000000, 0x0000000100000000)
  region size 1024K, 4 young (4096K), 3 survivors (3072K)
 Metaspace       used 27403K, committed 27648K, reserved 1073152K
  class space    used 2978K, committed 3136K, reserved 1048576K
}
Event: 3.696 GC heap after
{Heap after GC invocations=4 (full 0):
 garbage-first heap   total 34816K, used 11725K [0x0000000083000000, 0x0000000100000000)
  region size 1024K, 1 young (1024K), 1 survivors (1024K)
 Metaspace       used 27403K, committed 27648K, reserved 1073152K
  class space    used 2978K, committed 3136K, reserved 1048576K
}
Event: 4.200 GC heap before
{Heap before GC invocations=4 (full 0):
 garbage-first heap   total 34816K, used 20941K [0x0000000083000000, 0x0000000100000000)
  region size 1024K, 10 young (10240K), 1 survivors (1024K)
 Metaspace       used 31036K, committed 31232K, reserved 1081344K
  class space    used 3457K, committed 3584K, reserved 1048576K
}
Event: 4.201 GC heap after
{Heap after GC invocations=5 (full 0):
 garbage-first heap   total 34816K, used 12414K [0x0000000083000000, 0x0000000100000000)
  region size 1024K, 2 young (2048K), 2 survivors (2048K)
 Metaspace       used 31036K, committed 31232K, reserved 1081344K
  class space    used 3457K, committed 3584K, reserved 1048576K
}
Event: 5.305 GC heap before
{Heap before GC invocations=5 (full 0):
 garbage-first heap   total 34816K, used 27774K [0x0000000083000000, 0x0000000100000000)
  region size 1024K, 12 young (12288K), 2 survivors (2048K)
 Metaspace       used 34310K, committed 34624K, reserved 1081344K
  class space    used 3925K, committed 4096K, reserved 1048576K
}
Event: 5.307 GC heap after
{Heap after GC invocations=6 (full 0):
 garbage-first heap   total 34816K, used 18327K [0x0000000083000000, 0x0000000100000000)
  region size 1024K, 2 young (2048K), 2 survivors (2048K)
 Metaspace       used 34310K, committed 34624K, reserved 1081344K
  class space    used 3925K, committed 4096K, reserved 1048576K
}
Event: 5.431 GC heap before
{Heap before GC invocations=6 (full 0):
 garbage-first heap   total 34816K, used 21399K [0x0000000083000000, 0x0000000100000000)
  region size 1024K, 6 young (6144K), 2 survivors (2048K)
 Metaspace       used 35771K, committed 35968K, reserved 1081344K
  class space    used 4107K, committed 4224K, reserved 1048576K
}
Event: 5.433 GC heap after
{Heap after GC invocations=7 (full 0):
 garbage-first heap   total 34816K, used 19063K [0x0000000083000000, 0x0000000100000000)
  region size 1024K, 2 young (2048K), 2 survivors (2048K)
 Metaspace       used 35771K, committed 35968K, reserved 1081344K
  class space    used 4107K, committed 4224K, reserved 1048576K
}

